<?xml version="1.0" encoding="UTF-8"?>
<!-- Generated by org.testng.reporters.JUnitReportReporter -->
<testsuite hostname="LAPTOP-K26E8UFK" failures="0" tests="4" name="api.tests.UserTests" time="8.379" errors="0" timestamp="2024-04-14T13:30:21 IST" skipped="0">
  <testcase classname="api.tests.UserTests" name="testpostuser" time="3.344"/>
  <testcase classname="api.tests.UserTests" name="testreaduser" time="1.558"/>
  <testcase classname="api.tests.UserTests" name="testupdateuser" time="1.741"/>
  <testcase classname="api.tests.UserTests" name="testdeleteuser" time="1.736"/>
</testsuite> <!-- api.tests.UserTests -->
