<?xml version="1.0" encoding="UTF-8"?>
<!-- Generated by org.testng.reporters.JUnitReportReporter -->
<testsuite hostname="LAPTOP-K26E8UFK" failures="0" tests="6" name="api.tests.DataDriventest" time="8.393" errors="0" timestamp="2024-04-13T17:43:44 IST" skipped="0">
  <testcase classname="api.tests.DataDriventest" name="Testpostuser" time="1.200"/>
  <testcase classname="api.tests.DataDriventest" name="Testpostuser" time="1.140"/>
  <testcase classname="api.tests.DataDriventest" name="Testpostuser" time="2.599"/>
  <testcase classname="api.tests.DataDriventest" name="Testdeleteuser" time="1.145"/>
  <testcase classname="api.tests.DataDriventest" name="Testdeleteuser" time="1.149"/>
  <testcase classname="api.tests.DataDriventest" name="Testdeleteuser" time="1.160"/>
</testsuite> <!-- api.tests.DataDriventest -->
